<?xml version="1.0" encoding="UTF-8"?>
<!-- Generated by org.testng.reporters.JUnitReportReporter -->
<testsuite hostname="MONO-HYD-LAP-9" name="com.scrapPlant.functions.execution" tests="1" failures="0" timestamp="30 Apr 2019 10:24:34 GMT" time="540.026" errors="0">
  <testcase name="Execution" time="540.026" classname="com.scrapPlant.functions.execution"/>
</testsuite> <!-- com.scrapPlant.functions.execution -->
